2022-04-22 11:18:46.336019+05:30[API] [Twitter User Analytics] Attribute:most_common_words_hate Username:"parul_jain"
2022-04-22 11:20:24.778351+05:30[API] [Twitter User Analytics] Attribute:most_common_words_hate Username:"parul_jain"
2022-04-22 11:21:35.876139+05:30[API] [Twitter User Analytics] Attribute:most_common_words_hate Username:"parul_jain"
2022-04-22 11:22:26.131559+05:30[API] [Twitter User Analytics] Attribute:most_common_words_hate Username:"parul_jain"
2022-04-22 11:22:55.884903+05:30[API] [Twitter User Analytics] Attribute:most_common_words_hate Username:"parul_jain"
2022-04-22 11:22:58.652169+05:30[API] [Twitter User Analytics] Attribute:most_common_words_hate Username:"parul_jain"
2022-04-22 11:23:17.211874+05:30[API] [Twitter User Analytics] Attribute:most_common_words_hate Username:"parul_jain"
2022-04-22 11:23:47.608966+05:30[API] [Twitter User Analytics] Attribute:most_common_words_hate Username:"parul_jain"
2022-04-22 11:24:18.096941+05:30[API] [Twitter User Analytics] Attribute:most_common_words_hate Username:"parul_jain"
2022-04-22 11:24:18.218624+05:30[API] [Twitter User Analytics] Attribute:most_common_words_hate Username:"parul_jain"
2022-04-22 11:24:18.904229+05:30[Utils] [Twitter User Analytics] Exception:404 Not Found
34 - Sorry, that page does not exist.
2022-04-22 11:24:19.149148+05:30[Utils] [Twitter User Analytics] Exception:404 Not Found
34 - Sorry, that page does not exist.
2022-04-22 11:24:22.127921+05:30[API] [Twitter User Analytics] Attribute:most_common_words_hate Username:"parul_jain"
2022-04-22 11:24:22.846187+05:30[Utils] [Twitter User Analytics] Exception:404 Not Found
34 - Sorry, that page does not exist.
2022-04-22 11:24:25.555750+05:30[API] [Twitter User Analytics] Attribute:most_common_words_hate Username:"parul_jain"
2022-04-22 11:24:26.366285+05:30[Utils] [Twitter User Analytics] Exception:404 Not Found
34 - Sorry, that page does not exist.
2022-04-22 11:28:06.017588+05:30[API] [Twitter User Analytics] Attribute:most_common_words_hate Username:"parul_jain"
2022-04-22 12:05:46.262742+05:30[Web] [Twitter User Analytics] Username:parul_jain
2022-04-22 12:05:46.326393+05:30[Web] Website Page Not Found Opened
2022-04-22 12:06:38.609849+05:30[Web] [Twitter User Analytics] Username:parul_jain
2022-04-22 12:06:38.672053+05:30[Web] Website Page Not Found Opened
2022-04-22 12:07:34.174703+05:30[Web] Website Page Not Found Opened
2022-04-22 12:08:25.083588+05:30[Web] [Twitter Trends Analytics] Trend:#EarthDay Date:2022-03-24 Tweet Count:200
2022-04-22 12:08:50.573585+05:30[Web] Website Page Not Found Opened
2022-04-22 12:13:54.542535+05:30[Web] Website Hate Check Opened
2022-04-22 12:13:54.630673+05:30[Web] Website Page Not Found Opened
2022-04-22 12:19:26.640775+05:30[Web] Website Hate Check Opened
2022-04-22 12:19:26.682267+05:30[Web] Website Page Not Found Opened
2022-04-22 12:20:09.849805+05:30[Web] Website Hate Check Opened
2022-04-22 12:20:09.896434+05:30[Web] Website Page Not Found Opened
2022-04-22 12:20:26.078105+05:30[Web] Website Hate Check Opened
2022-04-22 12:20:26.119784+05:30[Web] Website Page Not Found Opened
2022-04-22 12:20:37.847970+05:30[Web] Website Hate Check Opened
2022-04-22 12:20:37.880350+05:30[Web] Website Page Not Found Opened
2022-04-22 12:23:12.977893+05:30[Web] [Classify Text]Query: hi Language:en
2022-04-22 12:23:13.809410+05:30[Web] Website Page Not Found Opened
2022-04-22 12:23:59.250716+05:30[Web] Website Home Opened
2022-04-22 12:23:59.343335+05:30[Web] Website Page Not Found Opened
2022-04-22 12:24:32.575563+05:30[Web] Website Home Opened
2022-04-22 12:24:32.661503+05:30[Web] Website Page Not Found Opened
2022-04-23 11:57:37.201958+05:30[Web] Website Home Opened
2022-04-23 11:57:37.354186+05:30[Web] Website Page Not Found Opened
2022-04-23 11:57:39.445051+05:30[Web] Website Services Opened
2022-04-23 11:57:39.489599+05:30[Web] Website Page Not Found Opened
2022-04-23 11:57:42.487824+05:30[Web] [Twitter User Analytics]Opened
2022-04-23 11:57:42.660215+05:30[Web] Website Page Not Found Opened
2022-04-23 11:59:48.113476+05:30[Web] Website Page Not Found Opened
2022-04-23 12:01:33.998831+05:30[Web] Website Hate Check Opened
2022-04-23 12:01:34.050993+05:30[Web] Website Page Not Found Opened
2022-04-25 19:17:36.325048+05:30[Web] Website Home Opened
2022-04-25 19:17:36.470859+05:30[Web] Website Page Not Found Opened
2022-04-25 19:17:36.625181+05:30[Web] Website Page Not Found Opened
2022-04-25 19:17:38.564500+05:30[Web] Website Services Opened
2022-04-25 19:17:38.602344+05:30[Web] Website Page Not Found Opened
2022-04-25 19:17:41.220702+05:30[Web] Website Hate Check Opened
2022-04-25 19:17:41.259692+05:30[Web] Website Page Not Found Opened
2022-04-25 19:28:09.490225+05:30[Web] Website Hate Check Opened
2022-04-25 19:28:09.623213+05:30[Web] Website Page Not Found Opened
2022-04-25 19:28:11.642549+05:30[Web] Website Page Not Found Opened
2022-04-25 19:29:05.232341+05:30[Web] Website Page Not Found Opened
2022-04-25 19:31:44.778550+05:30[Web] Website Page Not Found Opened
2022-04-25 19:32:41.904193+05:30[Web] Website Hate Check Opened
2022-04-25 19:32:41.948545+05:30[Web] Website Page Not Found Opened
2022-04-25 19:32:49.235562+05:30[Web] Website Page Not Found Opened
2022-04-25 19:33:18.220390+05:30[Web] Website Hate Check Opened
2022-04-25 19:33:18.262852+05:30[Web] Website Page Not Found Opened
2022-04-25 19:33:22.178567+05:30[Web] Website Hate Check Opened
2022-04-25 19:33:22.209827+05:30[Web] Website Page Not Found Opened
2022-04-25 19:33:28.020783+05:30[Web] Website Page Not Found Opened
2022-04-25 19:35:50.811498+05:30[Web] Website Hate Check Opened
2022-04-25 19:35:50.872252+05:30[Web] Website Page Not Found Opened
2022-04-25 19:46:56.698330+05:30[Web] Website Page Not Found Opened
2022-04-25 19:48:13.025378+05:30[Web] Website Page Not Found Opened
2022-04-25 19:48:30.978473+05:30[Web] Website Page Not Found Opened
2022-04-25 19:49:44.166159+05:30[Web] Website Page Not Found Opened
2022-04-25 19:51:36.467670+05:30[Web] Website Page Not Found Opened
2022-04-25 19:56:26.871292+05:30[Web] Website Page Not Found Opened
2022-04-25 19:57:12.204074+05:30[Web] Website Hate Check Opened
2022-04-25 19:57:12.252071+05:30[Web] Website Page Not Found Opened
2022-04-25 23:07:30.835463+05:30[Web] Website Hate Check Opened
2022-04-25 23:07:30.884120+05:30[Web] Website Page Not Found Opened
2022-04-25 23:11:27.642430+05:30[Web] Website APIs Opened
2022-04-25 23:11:27.694605+05:30[Web] Website Page Not Found Opened
2022-04-25 23:11:33.956864+05:30[Web] Website Hate Check Opened
2022-04-25 23:11:34.003096+05:30[Web] Website Page Not Found Opened
2022-04-25 23:38:29.610422+05:30[Web] Website Page Not Found Opened
2022-04-25 23:38:29.649167+05:30[Web] Website Page Not Found Opened
2022-04-25 23:38:33.584667+05:30[Web] Website Page Not Found Opened
2022-04-25 23:38:33.624666+05:30[Web] Website Page Not Found Opened
2022-04-25 23:39:41.798278+05:30[Web] Website Hate Check Opened
2022-04-25 23:39:41.845829+05:30[Web] Website Page Not Found Opened
2022-04-25 23:39:58.170372+05:30[Web] Website Hate Check Opened
2022-04-25 23:39:58.202776+05:30[Web] Website Page Not Found Opened
2022-04-25 23:40:17.111561+05:30[Web] Website Hate Check Opened
2022-04-25 23:40:17.162167+05:30[Web] Website Page Not Found Opened
2022-04-25 23:40:45.678432+05:30[Web] Website Hate Check Opened
2022-04-25 23:40:45.723050+05:30[Web] Website Page Not Found Opened
2022-04-25 23:43:04.158473+05:30[Web] Website Hate Check Opened
2022-04-25 23:43:04.201563+05:30[Web] Website Page Not Found Opened
2022-04-25 23:43:13.968766+05:30[Web] Website Hate Check Opened
2022-04-25 23:43:14.005456+05:30[Web] Website Page Not Found Opened
2022-04-25 23:44:35.204839+05:30[Web] Website Hate Check Opened
2022-04-25 23:44:35.248472+05:30[Web] Website Page Not Found Opened
2022-04-26 00:18:16.135737+05:30[Web] Website Hate Check Opened
2022-04-26 00:18:16.186879+05:30[Web] Website Page Not Found Opened
2022-04-26 00:19:27.009121+05:30[Web] Website Hate Check Opened
2022-04-26 00:19:27.050426+05:30[Web] Website Page Not Found Opened
2022-04-26 00:31:50.681446+05:30[Web] Website Page Not Found Opened
2022-04-26 00:36:12.424530+05:30[Web] Website Page Not Found Opened
2022-04-26 00:37:05.640243+05:30[Web] Website Page Not Found Opened
2022-04-26 00:37:05.674993+05:30[Web] Website Page Not Found Opened
2022-04-26 00:37:16.077172+05:30[Web] Website Hate Check Opened
2022-04-26 00:37:16.112947+05:30[Web] Website Page Not Found Opened
2022-04-26 00:37:24.799930+05:30[Web] Website Page Not Found Opened
2022-04-26 00:37:41.392571+05:30[Web] Website Page Not Found Opened
2022-04-26 00:52:42.162929+05:30[Web] Website Home Opened
2022-04-26 00:52:42.308874+05:30[Web] Website Page Not Found Opened
2022-04-26 00:52:43.328249+05:30[Web] Website Services Opened
2022-04-26 00:52:43.368702+05:30[Web] Website Page Not Found Opened
2022-04-26 00:52:46.007398+05:30[Web] Website Hate Check Opened
2022-04-26 00:52:46.054387+05:30[Web] Website Page Not Found Opened
2022-04-26 00:52:54.800388+05:30[Web] Website Page Not Found Opened
2022-04-26 00:52:54.836721+05:30[Web] Website Page Not Found Opened
2022-04-26 00:52:57.557973+05:30[Web] Website Hate Check Opened
2022-04-26 00:52:57.588471+05:30[Web] Website Page Not Found Opened
2022-04-26 00:53:02.662405+05:30[Web] Website Hate Check Opened
2022-04-26 00:53:02.708268+05:30[Web] Website Page Not Found Opened
2022-04-26 00:56:05.088192+05:30[Web] Website Page Not Found Opened
2022-04-26 00:56:05.134059+05:30[Web] Website Page Not Found Opened
2022-04-26 00:56:09.340591+05:30[Web] Website Services Opened
2022-04-26 00:56:09.370591+05:30[Web] Website Page Not Found Opened
2022-04-26 00:56:11.502911+05:30[Web] Website Hate Check Opened
2022-04-26 00:56:11.542971+05:30[Web] Website Page Not Found Opened
2022-04-26 00:56:46.277268+05:30[Web] Website Hate Check Opened
2022-04-26 00:56:46.309368+05:30[Web] Website Page Not Found Opened
2022-04-26 00:56:49.963058+05:30[Web] Website Page Not Found Opened
2022-04-26 00:57:26.696223+05:30[Web] Website Home Opened
2022-04-26 00:57:26.804801+05:30[Web] Website Page Not Found Opened
2022-04-26 00:57:28.207622+05:30[Web] Website Services Opened
2022-04-26 00:57:28.244071+05:30[Web] Website Page Not Found Opened
2022-04-26 00:57:30.638420+05:30[Web] Website Home Opened
2022-04-26 00:57:30.690760+05:30[Web] Website Page Not Found Opened
2022-04-26 00:57:32.462094+05:30[Web] Website Services Opened
2022-04-26 00:57:32.501662+05:30[Web] Website Page Not Found Opened
2022-04-26 00:57:34.678180+05:30[Web] Website Home Opened
2022-04-26 00:57:34.725837+05:30[Web] Website Page Not Found Opened
2022-04-26 00:57:35.814726+05:30[Web] Website Services Opened
2022-04-26 00:57:35.855717+05:30[Web] Website Page Not Found Opened
2022-04-26 00:57:37.855811+05:30[Web] [Twitter User Analytics]Opened
2022-04-26 00:57:37.915967+05:30[Web] Website Page Not Found Opened
2022-04-26 00:57:45.658593+05:30[Web] [Twitter User Analytics] Username:parul_jain
2022-04-26 00:57:45.704955+05:30[Web] Website Page Not Found Opened
2022-04-26 00:57:54.138743+05:30[Web] Website Page Not Found Opened
2022-04-26 00:57:56.611126+05:30[Web] [Twitter Trends Analytics] Trend:#TwitterTakeover Date:2022-03-24 Tweet Count:200
2022-04-26 00:58:20.414779+05:30[Web] Website Page Not Found Opened
2022-04-26 01:02:34.731527+05:30[Web] Website Hate Check Opened
2022-04-26 01:02:34.798418+05:30[Web] Website Page Not Found Opened
2022-04-26 01:21:06.574266+05:30[Web] Website Hate Check Opened
2022-04-26 01:21:06.621517+05:30[Web] Website Page Not Found Opened
2022-04-26 01:21:57.719214+05:30[Web] Website Hate Check Opened
2022-04-26 01:21:57.762122+05:30[Web] Website Page Not Found Opened
2022-04-26 01:22:05.819308+05:30[Web] Website Page Not Found Opened
2022-04-26 01:22:12.402267+05:30[Web] Website Page Not Found Opened
2022-04-26 01:22:12.424061+05:30[Web] Website Page Not Found Opened
2022-04-26 01:22:12.472238+05:30[Web] Website Page Not Found Opened
2022-04-26 01:22:17.039007+05:30[Web] Website Page Not Found Opened
2022-04-26 01:22:17.055995+05:30[Web] Website Page Not Found Opened
2022-04-26 01:22:17.080218+05:30[Web] Website Page Not Found Opened
2022-04-26 01:22:25.495386+05:30[Web] Website Page Not Found Opened
2022-04-26 01:23:06.005142+05:30[Web] Website Page Not Found Opened
2022-04-26 01:23:06.038297+05:30[Web] Website Page Not Found Opened
2022-04-26 01:23:06.051974+05:30[Web] Website Page Not Found Opened
2022-04-26 01:26:46.453326+05:30[Web] Website Page Not Found Opened
2022-04-26 01:26:48.425381+05:30[Web] Website Page Not Found Opened
2022-04-26 01:26:48.445805+05:30[Web] Website Page Not Found Opened
2022-04-26 01:26:48.446805+05:30[Web] Website Page Not Found Opened
2022-04-26 01:27:05.687775+05:30[Web] Website Page Not Found Opened
2022-04-26 01:27:06.443078+05:30[Web] Website Page Not Found Opened
2022-04-26 01:27:06.484549+05:30[Web] Website Page Not Found Opened
2022-04-26 01:27:57.610978+05:30[Web] Website Page Not Found Opened
2022-04-26 01:27:57.628362+05:30[Web] Website Page Not Found Opened
2022-04-26 01:27:57.648373+05:30[Web] Website Page Not Found Opened
2022-04-26 01:28:28.750198+05:30[Web] Website Page Not Found Opened
2022-04-26 01:29:35.298670+05:30[Web] Website Page Not Found Opened
2022-04-26 01:29:38.732013+05:30[Web] Website Page Not Found Opened
2022-04-26 01:29:54.751558+05:30[Web] Website Hate Check Opened
2022-04-26 01:29:54.786302+05:30[Web] Website Page Not Found Opened
2022-04-26 01:29:58.439768+05:30[Web] Website Page Not Found Opened
2022-04-26 01:32:52.583199+05:30[Web] Website Page Not Found Opened
2022-04-26 01:37:38.733547+05:30[Web] Website Page Not Found Opened
